Fault: 882/1
PO: 1338/U
< OV 110: 77/1 127/X 200/X 527/1 555/X 580/X 594/1 655/X 753/X 781/1 867/X
> OV 110: 77/X 127/X 200/X 527/1 555/X 580/X 594/1 655/X 753/X 781/1 867/X

Fault: 823/1
PO: 1525/D
< OV 117: 77/1 127/X 200/X 527/0 555/0 580/X 594/1 655/1 753/0 781/X 867/1
> OV 117: 77/0 127/X 200/X 527/0 555/0 580/X 594/1 655/1 753/0 781/X 867/1

Fault: 351/1
PO: 1338/U
< OV 132: 77/1 127/X 200/X 527/1 555/X 580/X 594/1 655/X 753/X 781/1 867/X
> OV 132: 77/X 127/X 200/X 527/1 555/X 580/X 594/1 655/X 753/X 781/1 867/X

Fault: 251/1
PO: 127/D
< OV 143: 77/1 127/1 200/1 527/1 555/0 580/1 594/1 655/1 753/1 781/1 867/1
> OV 143: 77/0 127/1 200/1 527/1 555/0 580/1 594/1 655/1 753/1 781/1 867/1

Fault: 193/1
PO: 1525/D
< OV 149: 77/1 127/1 200/1 527/1 555/0 580/1 594/1 655/1 753/1 781/1 867/1
> OV 149: 77/0 127/1 200/1 527/1 555/0 580/1 594/1 655/1 753/1 781/1 867/1

Fault: 206/1
PO: 1338/U
< OV 151: 77/1 127/X 200/X 527/1 555/X 580/X 594/1 655/X 753/X 781/1 867/X
> OV 151: 77/X 127/X 200/X 527/1 555/X 580/X 594/1 655/X 753/X 781/1 867/X

Fault: 98/1
PO: 1338/U
< OV 163: 77/1 127/X 200/X 527/1 555/X 580/X 594/1 655/X 753/X 781/1 867/X
> OV 163: 77/X 127/X 200/X 527/1 555/X 580/X 594/1 655/X 753/X 781/1 867/X

Fault: 63/1
PO: 1338/U
< OV 165: 77/1 127/X 200/X 527/1 555/X 580/X 594/1 655/X 753/X 781/1 867/X
> OV 165: 77/X 127/X 200/X 527/1 555/X 580/X 594/1 655/X 753/X 781/1 867/X

Fault: 241/1
PO: 976/U 
< OV 167: 77/1 127/X 200/X 527/X 555/0 580/1 594/X 655/1 753/X 781/X 867/X
> OV 167: 77/0 127/X 200/X 527/X 555/0 580/1 594/X 655/1 753/X 781/X 867/X

Fault: 1177/1
PO: 1338/U
< OV 192: 77/1 127/X 200/X 527/1 555/X 580/X 594/1 655/X 753/X 781/1 867/X
> OV 192: 77/X 127/X 200/X 527/1 555/X 580/X 594/1 655/X 753/X 781/1 867/X

Fault: 828/1
PO: 1338/U
< OV 270: 77/1 127/X 200/X 527/1 555/X 580/X 594/1 655/X 753/X 781/1 867/X
> OV 270: 77/X 127/X 200/X 527/1 555/X 580/X 594/1 655/X 753/X 781/1 867/X

Fault: 695/241/1
PO: 976/U
< OV 279: 77/1 127/X 200/X 527/X 555/0 580/1 594/X 655/1 753/X 781/X 867/X
> OV 279: 77/0 127/X 200/X 527/X 555/0 580/1 594/X 655/1 753/X 781/X 867/X

Fault: 214/1
PO: 1338/D
< OV 287: 77/1 127/X 200/X 527/1 555/X 580/X 594/1 655/X 753/X 781/1 867/X
> OV 287: 77/X 127/X 200/X 527/1 555/X 580/X 594/1 655/X 753/X 781/1 867/X

Fault: 1699/1 
PO: 1338/U
< OV 291: 77/1 127/X 200/X 527/1 555/X 580/X 594/1 655/X 753/X 781/1 867/X
> OV 291: 77/X 127/X 200/X 527/1 555/X 580/X 594/1 655/X 753/X 781/1 867/X

Fault: 693/187/1
PO: 1338/U
< OV 300: 77/1 127/X 200/X 527/1 555/X 580/X 594/1 655/X 753/X 781/1 867/X
> OV 300: 77/X 127/X 200/X 527/1 555/X 580/X 594/1 655/X 753/X 781/1 867/X

Fault: 693/794/1
PO: 1338/U
< OV 302: 77/1 127/X 200/X 527/1 555/X 580/X 594/1 655/X 753/X 781/1 867/X
> OV 302: 77/X 127/X 200/X 527/1 555/X 580/X 594/1 655/X 753/X 781/1 867/X

Fault: 377/1
PO: 1338/U
< OV 311: 77/1 127/X 200/X 527/1 555/X 580/X 594/1 655/X 753/X 781/1 867/X
> OV 311: 77/X 127/X 200/X 527/1 555/X 580/X 594/1 655/X 753/X 781/1 867/X

Fault: 125/193/1
PO: 1525/U
< OV 314: 77/1 127/1 200/1 527/1 555/0 580/1 594/1 655/1 753/1 781/1 867/1
> OV 314: 77/0 127/1 200/1 527/1 555/0 580/1 594/1 655/1 753/1 781/1 867/1

Fault: 204/1
PO: 1338/U
< OV 323: 77/1 127/X 200/X 527/1 555/X 580/X 594/1 655/X 753/X 781/1 867/X
> OV 323: 77/X 127/X 200/X 527/1 555/X 580/X 594/1 655/X 753/X 781/1 867/X

Fault: 100/1
PO: 555/U
< OV 328: 77/1 127/1 200/1 527/1 555/0 580/1 594/1 655/1 753/1 781/1 867/1
> OV 328: 77/0 127/1 200/1 527/1 555/0 580/1 594/1 655/1 753/1 781/1 867/1

Fault: 948/1
PO: 1338/U
< OV 332: 77/1 127/X 200/X 527/1 555/X 580/X 594/1 655/X 753/X 781/1 867/X
> OV 332: 77/X 127/X 200/X 527/1 555/X 580/X 594/1 655/X 753/X 781/1 867/X

Fault: 845/1
PO: 1338/U
< OV 340: 77/1 127/X 200/X 527/1 555/X 580/X 594/1 655/X 753/X 781/1 867/X
> OV 340: 77/X 127/X 200/X 527/1 555/X 580/X 594/1 655/X 753/X 781/1 867/X

Fault: 1842/1
PO: 1338/U
< OV 368: 77/0 127/X 200/X 527/1 555/X 580/X 594/1 655/X 753/X 781/1 867/X
> OV 368: 77/X 127/X 200/X 527/1 555/X 580/X 594/1 655/X 753/X 781/1 867/X

Fault: 734/1
PO: 1338/U
< OV 384: 77/1 127/X 200/X 527/1 555/X 580/X 594/1 655/X 753/X 781/1 867/X
> OV 384: 77/X 127/X 200/X 527/1 555/X 580/X 594/1 655/X 753/X 781/1 867/X

Fault: 758/1
PO: 1338/U
< OV 387: 77/1 127/X 200/X 527/1 555/X 580/X 594/1 655/X 753/X 781/1 867/X
> OV 387: 77/X 127/X 200/X 527/1 555/X 580/X 594/1 655/X 753/X 781/1 867/X

Fault: 604/1
PO: 1338/U
< OV 394: 77/0 127/X 200/X 527/1 555/X 580/X 594/0 655/X 753/X 781/1 867/X
> OV 394: 77/X 127/X 200/X 527/1 555/X 580/X 594/0 655/X 753/X 781/1 867/X

Fault: 405/1
PO: 1338/U
< OV 420: 77/1 127/X 200/X 527/1 555/X 580/X 594/1 655/X 753/X 781/1 867/X
> OV 420: 77/X 127/X 200/X 527/1 555/X 580/X 594/1 655/X 753/X 781/1 867/X

Fault: 884/1
PO: 1338/U
< OV 423: 77/1 127/X 200/X 527/1 555/X 580/X 594/1 655/X 753/X 781/1 867/X
> OV 423: 77/X 127/X 200/X 527/1 555/X 580/X 594/1 655/X 753/X 781/1 867/X

Fault: 1192/1
PO: 1338/U
< OV 447: 77/1 127/X 200/X 527/1 555/X 580/X 594/1 655/X 753/X 781/1 867/X
> OV 447: 77/X 127/X 200/X 527/1 555/X 580/X 594/1 655/X 753/X 781/1 867/X

Fault: 291/1
PO: 1338/U
< OV 450: 77/1 127/X 200/X 527/0 555/X 580/X 594/1 655/X 753/X 781/0 867/X
> OV 450: 77/X 127/X 200/X 527/0 555/X 580/X 594/1 655/X 753/X 781/0 867/X

Fault: 40/1
PO: 1338/U
< OV 484: 77/0 127/X 200/X 527/1 555/X 580/X 594/1 655/X 753/X 781/1 867/X
> OV 484: 77/X 127/X 200/X 527/1 555/X 580/X 594/1 655/X 753/X 781/1 867/X

Fault: 1101/1699/1
PO: 1338/U
< OV 501: 77/1 127/X 200/X 527/1 555/X 580/X 594/1 655/X 753/X 781/1 867/X
> OV 501: 77/X 127/X 200/X 527/1 555/X 580/X 594/1 655/X 753/X 781/1 867/X

Fault: 1072/1
PO: 1338/U
< OV 502: 77/1 127/X 200/X 527/0 555/X 580/X 594/1 655/X 753/X 781/1 867/X
> OV 502: 77/X 127/X 200/X 527/0 555/X 580/X 594/1 655/X 753/X 781/1 867/X

Fault: 1544/1177/1
PO: 1338/U
< OV 518: 77/1 127/X 200/X 527/1 555/X 580/X 594/1 655/X 753/X 781/1 867/X
> OV 518: 77/X 127/X 200/X 527/1 555/X 580/X 594/1 655/X 753/X 781/1 867/X

Fault: 1645/693/1
PO: 1338/U
< OV 527: 77/1 127/X 200/X 527/1 555/X 580/X 594/1 655/X 753/X 781/1 867/X
> OV 527: 77/X 127/X 200/X 527/1 555/X 580/X 594/1 655/X 753/X 781/1 867/X

Fault: 509/884/1
PO: 1338/U
< OV 569: 77/1 127/X 200/X 527/1 555/X 580/X 594/1 655/X 753/X 781/1 867/X
> OV 569: 77/X 127/X 200/X 527/1 555/X 580/X 594/1 655/X 753/X 781/1 867/X

Fault: 252/1
PO: 1338/U
< OV 584: 77/1 127/X 200/X 527/0 555/X 580/X 594/1 655/X 753/X 781/0 867/X
> OV 584: 77/X 127/X 200/X 527/0 555/X 580/X 594/1 655/X 753/X 781/0 867/X

Fault: 95/948/1
PO: 1338/U
< OV 597: 77/1 127/X 200/X 527/1 555/X 580/X 594/1 655/X 753/X 781/1 867/X
> OV 597: 77/X 127/X 200/X 527/1 555/X 580/X 594/1 655/X 753/X 781/1 867/X

Fault: 1597/204/1
PO: 1338/U
< OV 625: 77/1 127/X 200/X 527/1 555/X 580/X 594/1 655/X 753/X 781/1 867/X
> OV 625: 77/X 127/X 200/X 527/1 555/X 580/X 594/1 655/X 753/X 781/1 867/X

Fault: 1033/1
PO: 1338/U
< OV 639: 77/1 127/X 200/X 527/1 555/X 580/X 594/1 655/X 753/X 781/1 867/X
> OV 639: 77/X 127/X 200/X 527/1 555/X 580/X 594/1 655/X 753/X 781/1 867/X

Fault: 1078/148/1
PO: 1338/U
< OV 641: 77/1 127/X 200/X 527/1 555/X 580/X 594/1 655/X 753/X 781/1 867/X
> OV 641: 77/X 127/X 200/X 527/1 555/X 580/X 594/1 655/X 753/X 781/1 867/X

Fault: 1274/1 
PO: 1338/U
< OV 644: 77/0 127/X 200/X 527/1 555/X 580/X 594/0 655/X 753/X 781/1 867/X
> OV 644: 77/X 127/X 200/X 527/1 555/X 580/X 594/0 655/X 753/X 781/1 867/X

Fault: 1355/30/1
PO: 1338/U
< OV 646: 77/1 127/X 200/X 527/1 555/X 580/X 594/1 655/X 753/X 781/1 867/X
> OV 646: 77/X 127/X 200/X 527/1 555/X 580/X 594/1 655/X 753/X 781/1 867/X

Fault: 1298/845/1
PO: 1338/U
< OV 654: 77/1 127/X 200/X 527/1 555/X 580/X 594/1 655/X 753/X 781/1 867/X
> OV 654: 77/X 127/X 200/X 527/1 555/X 580/X 594/1 655/X 753/X 781/1 867/X

Fault: 1337/828/1
PO: 1338/U
< OV 656: 77/1 127/X 200/X 527/1 555/X 580/X 594/1 655/X 753/X 781/1 867/X
> OV 656: 77/X 127/X 200/X 527/1 555/X 580/X 594/1 655/X 753/X 781/1 867/X

Fault: 1861/1
PO: 1338/U
< OV 658: 77/1 127/X 200/X 527/0 555/X 580/X 594/1 655/X 753/X 781/1 867/X
> OV 658: 77/X 127/X 200/X 527/0 555/X 580/X 594/1 655/X 753/X 781/1 867/X

Fault: 1820/814/1
PO: 1338/U
< OV 660: 77/1 127/X 200/X 527/1 555/X 580/X 594/1 655/X 753/X 781/1 867/X
> OV 660: 77/X 127/X 200/X 527/1 555/X 580/X 594/1 655/X 753/X 781/1 867/X

Fault: 817/1192/1
PO: 1338/U
< OV 702: 77/1 127/X 200/X 527/1 555/X 580/X 594/1 655/X 753/X 781/1 867/X
> OV 702: 77/X 127/X 200/X 527/1 555/X 580/X 594/1 655/X 753/X 781/1 867/X

Fault: 462/1
PO: 1338/U
< OV 728: 77/1 127/X 200/X 527/1 555/X 580/X 594/0 655/X 753/X 781/1 867/X
> OV 728: 77/X 127/X 200/X 527/1 555/X 580/X 594/0 655/X 753/X 781/1 867/X

Fault: 203/1
PO: 1338/U
< OV 730: 77/1 127/X 200/X 527/1 555/X 580/X 594/1 655/X 753/X 781/1 867/X
> OV 730: 77/X 127/X 200/X 527/1 555/X 580/X 594/1 655/X 753/X 781/1 867/X

Fault: 1105/1
PO: 1338/U
< OV 733: 77/1 127/X 200/X 527/1 555/X 580/X 594/1 655/X 753/X 781/1 867/X
> OV 733: 77/X 127/X 200/X 527/1 555/X 580/X 594/1 655/X 753/X 781/1 867/X

Fault: 610/1667/1
PO: 1338/U
< OV 749: 77/1 127/X 200/X 527/1 555/X 580/X 594/1 655/X 753/X 781/1 867/X
> OV 749: 77/X 127/X 200/X 527/1 555/X 580/X 594/1 655/X 753/X 781/1 867/X

Fault: 1376/57/1
PO: 1338/U
< OV 788: 77/1 127/X 200/X 527/1 555/X 580/X 594/1 655/X 753/X 781/1 867/X
> OV 788: 77/X 127/X 200/X 527/1 555/X 580/X 594/1 655/X 753/X 781/1 867/X

Fault: 773/35/1
PO: 1338/U
< OV 848: 77/1 127/X 200/X 527/1 555/X 580/X 594/1 655/X 753/X 781/1 867/X
> OV 848: 77/X 127/X 200/X 527/1 555/X 580/X 594/1 655/X 753/X 781/1 867/X

Fault: 1381/1
PO: 1338/U
< OV 849: 77/1 127/X 200/X 527/1 555/X 580/X 594/0 655/X 753/X 781/1 867/X
> OV 849: 77/X 127/X 200/X 527/1 555/X 580/X 594/0 655/X 753/X 781/1 867/X

Fault: 1318/1613/1
PO: 1338/U
< OV 854: 77/1 127/X 200/X 527/1 555/X 580/X 594/1 655/X 753/X 781/1 867/X
> OV 854: 77/X 127/X 200/X 527/1 555/X 580/X 594/1 655/X 753/X 781/1 867/X

Fault: 1356/1
PO: 1338/U
< OV 903: 77/1 127/X 200/X 527/1 555/X 580/X 594/1 655/X 753/X 781/1 867/X
> OV 903: 77/X 127/X 200/X 527/1 555/X 580/X 594/1 655/X 753/X 781/1 867/X

Fault: 595/1
PO: 1525/D
< OV 951: 77/1 127/X 200/X 527/1 555/0 580/1 594/1 655/1 753/0 781/X 867/1
> OV 951: 77/0 127/X 200/X 527/1 555/0 580/1 594/1 655/1 753/0 781/X 867/1

Fault: 1380/1
PO: 1525/U
< OV 984: 77/1 127/1 200/1 527/1 555/0 580/1 594/1 655/1 753/1 781/1 867/1
> OV 984: 77/0 127/1 200/1 527/1 555/0 580/1 594/1 655/1 753/1 781/1 867/1

Fault: 1104/1
PO: 753/U
< OV1027: 77/1 127/X 200/X 527/1 555/0 580/X 594/1 655/1 753/0 781/X 867/1
> OV1027: 77/0 127/X 200/X 527/1 555/0 580/X 594/1 655/1 753/0 781/X 867/1

Fault: 310/728/1
PO: 1546/D
< OV1094: 77/0 127/1 200/1 527/0 555/1 580/1 594/1 655/0 753/1 781/1 867/1
> OV1094: 77/1 127/1 200/1 527/0 555/1 580/1 594/1 655/0 753/1 781/1 867/1

Fault: 1683/1
PO: 1525/D
< OV1135: 77/1 127/1 200/1 527/1 555/0 580/1 594/1 655/1 753/1 781/1 867/1
> OV1135: 77/0 127/1 200/1 527/1 555/0 580/1 594/1 655/1 753/1 781/1 867/1

Fault: 1683/1491/1
PO: 1525/D
< OV1139: 77/1 127/0 200/1 527/1 555/1 580/1 594/0 655/1 753/1 781/1 867/0
> OV1139: 77/0 127/0 200/1 527/1 555/1 580/1 594/0 655/1 753/1 781/1 867/0

Fault: 1703/0
PO: 555/U
< OV1147: 77/1 127/1 200/1 527/1 555/0 580/1 594/1 655/1 753/1 781/1 867/1
> OV1147: 77/0 127/1 200/1 527/1 555/0 580/1 594/1 655/1 753/1 781/1 867/1

Fault: 1703/1491/1
PO: 555/D
< OV1151: 77/X 127/0 200/1 527/1 555/1 580/1 594/0 655/1 753/1 781/1 867/0
> OV1151: 77/0 127/0 200/1 527/1 555/1 580/1 594/0 655/1 753/1 781/1 867/0

Fault: 1570/1448/1
PO: 1859/U
< OV1164: 77/1 127/1 200/1 527/1 555/1 580/1 594/1 655/1 753/1 781/1 867/1
> OV1164: 77/0 127/1 200/1 527/1 555/1 580/1 594/1 655/1 753/1 781/1 867/1

Fault: 1163/522/1
PO: 1525/D
< OV1178: 77/1 127/0 200/1 527/1 555/1 580/1 594/0 655/1 753/1 781/1 867/0
> OV1178: 77/0 127/0 200/1 527/1 555/1 580/1 594/0 655/1 753/1 781/1 867/0

XXXXXXXXXXXXXXXXXXXXXXXXXXXXXXXXXXXXXXXXXXXXXXXXXXXXXXXXXXXXXXXXXXXXXXXXXX
Fault: 497/522/1
PO: 77/D
< OV1195: 77/1 127/0 200/1 527/1 555/X 580/1 594/0 655/1 753/1 781/1 867/0
> OV1195: 77/0 127/0 200/1 527/1 555/X 580/1 594/0 655/1 753/1 781/1 867/0
XXXXXXXXXXXXXXXXXXXXXXXXXXXXXXXXXXXXXXXXXXXXXXXXXXXXXXXXXXXXXXXXXXXXXXXXXX

Fault: 1416/1683/1
< OV1400: 77/1 127/1 200/1 527/1 555/0 580/1 594/1 655/1 753/1 781/1 867/1
> OV1400: 77/0 127/1 200/1 527/1 555/0 580/1 594/1 655/1 753/1 781/1 867/1

Fault: 1787/1683/1
< OV1409: 77/1 127/1 200/1 527/1 555/0 580/1 594/1 655/1 753/1 781/1 867/1
> OV1409: 77/0 127/1 200/1 527/1 555/0 580/1 594/1 655/1 753/1 781/1 867/1

Fault: 1447/1
< OV1410: 77/1 127/1 200/1 527/1 555/1 580/1 594/1 655/1 753/1 781/1 867/1
> OV1410: 77/0 127/1 200/1 527/1 555/1 580/1 594/1 655/1 753/1 781/1 867/1

Fault: 55/1
PO: 555/U
< OV1436: 77/1 127/1 200/1 527/1 555/0 580/1 594/1 655/1 753/1 781/1 867/1
> OV1436: 77/0 127/1 200/1 527/1 555/0 580/1 594/1 655/1 753/1 781/1 867/1

Fault: 1516/1787/1
PO: 753/U
< OV1448: 77/1 127/X 200/X 527/1 555/0 580/X 594/1 655/1 753/0 781/X 867/1
> OV1448: 77/0 127/X 200/X 527/1 555/0 580/X 594/1 655/1 753/0 781/X 867/1

Fault: 477/1787/1
PO: 1859/D
< OV1474: 77/1 127/1 200/1 527/1 555/0 580/1 594/1 655/1 753/1 781/1 867/1
> OV1474: 77/0 127/1 200/1 527/1 555/0 580/1 594/1 655/1 753/1 781/1 867/1

Fault: 1409/1
PO: 1525/U
< OV1481: 77/1 127/1 200/1 527/1 555/0 580/1 594/1 655/1 753/1 781/1 867/1
> OV1481: 77/0 127/1 200/1 527/1 555/0 580/1 594/1 655/1 753/1 781/1 867/1

Fault: 386/1
PO: 1525/D
< OV1483: 77/1 127/X 200/X 527/1 555/0 580/X 594/1 655/1 753/1 781/X 867/1
> OV1483: 77/0 127/X 200/X 527/1 555/0 580/X 594/1 655/1 753/1 781/X 867/1

Fault: 1285/0
753/U
< OV1485: 77/1 127/X 200/X 527/1 555/0 580/X 594/1 655/1 753/0 781/X 867/1
> OV1485: 77/0 127/X 200/X 527/1 555/0 580/X 594/1 655/1 753/0 781/X 867/1

Fault: 1851/251/1
PO: 1338/D
< OV1489: 77/1 127/1 200/1 527/1 555/0 580/1 594/1 655/1 753/1 781/1 867/1
> OV1489: 77/0 127/1 200/1 527/1 555/0 580/1 594/1 655/1 753/1 781/1 867/1

Fault: 1851/928/1
PO: 1338/U
< OV1490: 77/1 127/X 200/X 527/1 555/0 580/X 594/1 655/1 753/0 781/1 867/1
> OV1490: 77/0 127/X 200/X 527/1 555/0 580/X 594/1 655/1 753/0 781/1 867/1

Fault: 917/0
PO: 1185/D
< OV1492: 77/1 127/X 200/X 527/1 555/0 580/0 594/1 655/1 753/0 781/X 867/1
> OV1492: 77/0 127/X 200/X 527/1 555/0 580/0 594/1 655/1 753/0 781/X 867/1

Fault: 307/251/1
PO: 127/D
< OV1497: 77/1 127/1 200/1 527/1 555/0 580/1 594/1 655/1 753/1 781/1 867/1
> OV1497: 77/0 127/1 200/1 527/1 555/0 580/1 594/1 655/1 753/1 781/1 867/1

Fault: 212/251/1
PO: 200/D
< OV1500: 77/1 127/1 200/1 527/1 555/0 580/1 594/1 655/1 753/1 781/1 867/1
> OV1500: 77/0 127/1 200/1 527/1 555/0 580/1 594/1 655/1 753/1 781/1 867/1

Fault: 212/982/1
PO: 200/U
< OV1501: 77/1 127/1 200/0 527/1 555/0 580/1 594/1 655/1 753/0 781/1 867/1
> OV1501: 77/0 127/1 200/0 527/1 555/0 580/1 594/1 655/1 753/0 781/1 867/1

Fault: 822/0
PO: 976/D
< OV1503: 77/1 127/X 200/X 527/1 555/0 580/1 594/1 655/1 753/0 781/X 867/1
> OV1503: 77/0 127/X 200/X 527/1 555/0 580/1 594/1 655/1 753/0 781/X 867/1

Fault: 1204/1
PO: 753/D
< OV1512: 77/1 127/X 200/X 527/1 555/0 580/X 594/1 655/1 753/1 781/X 867/1
> OV1512: 77/0 127/X 200/X 527/1 555/0 580/X 594/1 655/1 753/1 781/X 867/1

Fault: 725/1
PO: 976/D
< OV1516: 77/1 127/X 200/X 527/1 555/0 580/1 594/1 655/1 753/0 781/X 867/1
> OV1516: 77/0 127/X 200/X 527/1 555/0 580/1 594/1 655/1 753/0 781/X 867/1

Fault: 588/1851/1
PO: 1338/U
< OV1519: 77/1 127/X 200/X 527/1 555/X 580/X 594/1 655/X 753/X 781/1 867/X
> OV1519: 77/X 127/X 200/X 527/1 555/X 580/X 594/1 655/X 753/X 781/1 867/X

Fault: 416/1
PO: 753/U
< OV1520: 77/1 127/X 200/X 527/1 555/0 580/X 594/1 655/1 753/0 781/X 867/1
> OV1520: 77/0 127/X 200/X 527/1 555/0 580/X 594/1 655/1 753/0 781/X 867/1

Fault: 401/1
PO: 1185/U
< OV1521: 77/1 127/X 200/X 527/1 555/0 580/1 594/1 655/1 753/0 781/X 867/1
> OV1521: 77/0 127/X 200/X 527/1 555/0 580/1 594/1 655/1 753/0 781/X 867/1

Fault: 133/1
PO: 1185/D
< OV1528: 77/1 127/X 200/X 527/1 555/0 580/0 594/1 655/1 753/0 781/X 867/1
> OV1528: 77/0 127/X 200/X 527/1 555/0 580/0 594/1 655/1 753/0 781/X 867/1

Fault: 88/1
PO: 976/U
< OV1530: 77/1 127/X 200/X 527/1 555/0 580/1 594/1 655/1 753/0 781/X 867/1
> OV1530: 77/0 127/X 200/X 527/1 555/0 580/1 594/1 655/1 753/0 781/X 867/1

Fault: 881/1356/1
PO: 1338/U
< OV1534: 77/1 127/X 200/X 527/1 555/X 580/X 594/1 655/X 753/X 781/1 867/X
> OV1534: 77/X 127/X 200/X 527/1 555/X 580/X 594/1 655/X 753/X 781/1 867/X

Fault: 1311/277/1
1525/U
< OV1546: 77/1 127/1 200/1 527/1 555/0 580/1 594/1 655/1 753/1 781/1 867/1
> OV1546: 77/0 127/1 200/1 527/1 555/0 580/1 594/1 655/1 753/1 781/1 867/1

Fault: 1595/125/1
PO: 1525/U
< OV1555: 77/1 127/1 200/1 527/1 555/0 580/1 594/1 655/1 753/1 781/1 867/1
> OV1555: 77/0 127/1 200/1 527/1 555/0 580/1 594/1 655/1 753/1 781/1 867/1
