/p/course/cs552-david/public/html/S10/project/tests/public/rand_simple/t_1_add.asm SUCCESS CPI:2.8 VALID_CPI:2.9 CYCLES:94 ICOUNT:33 VALID_ICOUNT:32 IHITRATE: 75.7 DHITRATE: 0
/p/course/cs552-david/public/html/S10/project/tests/public/rand_simple/t_1_addi.asm SUCCESS CPI:2.8 VALID_CPI:2.9 CYCLES:94 ICOUNT:33 VALID_ICOUNT:32 IHITRATE: 75.7 DHITRATE: 0
/p/course/cs552-david/public/html/S10/project/tests/public/rand_simple/t_1_and.asm SUCCESS CPI:2.8 VALID_CPI:2.9 CYCLES:94 ICOUNT:33 VALID_ICOUNT:32 IHITRATE: 75.7 DHITRATE: 0
/p/course/cs552-david/public/html/S10/project/tests/public/rand_simple/t_1_andi.asm SUCCESS CPI:2.8 VALID_CPI:2.9 CYCLES:94 ICOUNT:33 VALID_ICOUNT:32 IHITRATE: 75.7 DHITRATE: 0
/p/course/cs552-david/public/html/S10/project/tests/public/rand_simple/t_1_beqz.asm SUCCESS CPI:39.0 VALID_CPI:2.6 CYCLES:742 ICOUNT:19 VALID_ICOUNT:288 IHITRATE: 74.9 DHITRATE: 0
/p/course/cs552-david/public/html/S10/project/tests/public/rand_simple/t_1_bnez.asm SUCCESS CPI:29.2 VALID_CPI:3.1 CYCLES:556 ICOUNT:19 VALID_ICOUNT:180 IHITRATE: 70.4 DHITRATE: 0
/p/course/cs552-david/public/html/S10/project/tests/public/rand_simple/t_1_j.asm SUCCESS CPI:152.5 VALID_CPI:9.6 CYCLES:154 ICOUNT:1 VALID_ICOUNT:16 IHITRATE: 48.6 DHITRATE: 0
/p/course/cs552-david/public/html/S10/project/tests/public/rand_simple/t_1_jal.asm SUCCESS CPI:8.3 VALID_CPI:8.9 CYCLES:142 ICOUNT:17 VALID_ICOUNT:16 IHITRATE: 54.1 DHITRATE: 0
/p/course/cs552-david/public/html/S10/project/tests/public/rand_simple/t_1_jalr.asm SUCCESS CPI:5.6 VALID_CPI:3.1 CYCLES:608 ICOUNT:108 VALID_ICOUNT:198 IHITRATE: 76.5 DHITRATE: 0
/p/course/cs552-david/public/html/S10/project/tests/public/rand_simple/t_1_jr.asm SUCCESS CPI:6.5 VALID_CPI:3.0 CYCLES:628 ICOUNT:96 VALID_ICOUNT:206 IHITRATE: 76.4 DHITRATE: 0
/p/course/cs552-david/public/html/S10/project/tests/public/rand_simple/t_1_lbi.asm SUCCESS CPI:2.8 VALID_CPI:2.9 CYCLES:94 ICOUNT:33 VALID_ICOUNT:32 IHITRATE: 75.7 DHITRATE: 0
/p/course/cs552-david/public/html/S10/project/tests/public/rand_simple/t_1_ld.asm SUCCESS CPI:3.3 VALID_CPI:3.4 CYCLES:161 ICOUNT:49 VALID_ICOUNT:48 IHITRATE: 76.8 DHITRATE: 300.0
/p/course/cs552-david/public/html/S10/project/tests/public/rand_simple/t_1_or.asm SUCCESS CPI:2.8 VALID_CPI:2.9 CYCLES:94 ICOUNT:33 VALID_ICOUNT:32 IHITRATE: 75.7 DHITRATE: 0
/p/course/cs552-david/public/html/S10/project/tests/public/rand_simple/t_1_ori.asm SUCCESS CPI:2.8 VALID_CPI:2.9 CYCLES:94 ICOUNT:33 VALID_ICOUNT:32 IHITRATE: 75.7 DHITRATE: 0
/p/course/cs552-david/public/html/S10/project/tests/public/rand_simple/t_1_ret.asm SUCCESS CPI:5.9 VALID_CPI:2.8 CYCLES:874 ICOUNT:147 VALID_ICOUNT:308 IHITRATE: 76.5 DHITRATE: 0
/p/course/cs552-david/public/html/S10/project/tests/public/rand_simple/t_1_rol.asm SUCCESS CPI:2.8 VALID_CPI:2.9 CYCLES:94 ICOUNT:33 VALID_ICOUNT:32 IHITRATE: 75.7 DHITRATE: 0
/p/course/cs552-david/public/html/S10/project/tests/public/rand_simple/t_1_roli.asm SUCCESS CPI:2.8 VALID_CPI:2.9 CYCLES:94 ICOUNT:33 VALID_ICOUNT:32 IHITRATE: 75.7 DHITRATE: 0
/p/course/cs552-david/public/html/S10/project/tests/public/rand_simple/t_1_ror.asm SUCCESS CPI:2.8 VALID_CPI:2.9 CYCLES:94 ICOUNT:33 VALID_ICOUNT:32 IHITRATE: 75.7 DHITRATE: 0
/p/course/cs552-david/public/html/S10/project/tests/public/rand_simple/t_1_rori.asm SUCCESS CPI:2.8 VALID_CPI:2.9 CYCLES:94 ICOUNT:33 VALID_ICOUNT:32 IHITRATE: 75.7 DHITRATE: 0
/p/course/cs552-david/public/html/S10/project/tests/public/rand_simple/t_1_sco.asm SUCCESS CPI:2.8 VALID_CPI:2.9 CYCLES:94 ICOUNT:33 VALID_ICOUNT:32 IHITRATE: 75.7 DHITRATE: 0
/p/course/cs552-david/public/html/S10/project/tests/public/rand_simple/t_1_seq.asm SUCCESS CPI:2.8 VALID_CPI:2.9 CYCLES:94 ICOUNT:33 VALID_ICOUNT:32 IHITRATE: 75.7 DHITRATE: 0
/p/course/cs552-david/public/html/S10/project/tests/public/rand_simple/t_1_slbi.asm SUCCESS CPI:2.8 VALID_CPI:2.9 CYCLES:94 ICOUNT:33 VALID_ICOUNT:32 IHITRATE: 75.7 DHITRATE: 0
/p/course/cs552-david/public/html/S10/project/tests/public/rand_simple/t_1_sle.asm SUCCESS CPI:2.8 VALID_CPI:2.9 CYCLES:94 ICOUNT:33 VALID_ICOUNT:32 IHITRATE: 75.7 DHITRATE: 0
/p/course/cs552-david/public/html/S10/project/tests/public/rand_simple/t_1_sll.asm SUCCESS CPI:2.8 VALID_CPI:2.9 CYCLES:94 ICOUNT:33 VALID_ICOUNT:32 IHITRATE: 75.7 DHITRATE: 0
/p/course/cs552-david/public/html/S10/project/tests/public/rand_simple/t_1_slli.asm SUCCESS CPI:2.8 VALID_CPI:2.9 CYCLES:94 ICOUNT:33 VALID_ICOUNT:32 IHITRATE: 75.7 DHITRATE: 0
/p/course/cs552-david/public/html/S10/project/tests/public/rand_simple/t_1_slt.asm SUCCESS CPI:2.8 VALID_CPI:2.9 CYCLES:94 ICOUNT:33 VALID_ICOUNT:32 IHITRATE: 75.7 DHITRATE: 0
/p/course/cs552-david/public/html/S10/project/tests/public/rand_simple/t_1_sra.asm SUCCESS CPI:2.8 VALID_CPI:2.9 CYCLES:94 ICOUNT:33 VALID_ICOUNT:32 IHITRATE: 75.7 DHITRATE: 0
/p/course/cs552-david/public/html/S10/project/tests/public/rand_simple/t_1_srai.asm SUCCESS CPI:2.8 VALID_CPI:2.9 CYCLES:94 ICOUNT:33 VALID_ICOUNT:32 IHITRATE: 75.7 DHITRATE: 0
/p/course/cs552-david/public/html/S10/project/tests/public/rand_simple/t_1_st.asm SUCCESS CPI:4.4 VALID_CPI:3.0 CYCLES:146 ICOUNT:33 VALID_ICOUNT:48 IHITRATE: 75.5 DHITRATE: 300.0
/p/course/cs552-david/public/html/S10/project/tests/public/rand_simple/t_1_stu.asm SUCCESS CPI:3.0 VALID_CPI:3.0 CYCLES:146 ICOUNT:49 VALID_ICOUNT:48 IHITRATE: 75.5 DHITRATE: 300.0
/p/course/cs552-david/public/html/S10/project/tests/public/rand_simple/t_1_sub.asm SUCCESS CPI:2.8 VALID_CPI:2.9 CYCLES:94 ICOUNT:33 VALID_ICOUNT:32 IHITRATE: 75.7 DHITRATE: 0
/p/course/cs552-david/public/html/S10/project/tests/public/rand_simple/t_1_subi.asm SUCCESS CPI:2.8 VALID_CPI:2.9 CYCLES:94 ICOUNT:33 VALID_ICOUNT:32 IHITRATE: 75.7 DHITRATE: 0
/p/course/cs552-david/public/html/S10/project/tests/public/rand_simple/t_2_add.asm SUCCESS CPI:2.8 VALID_CPI:2.9 CYCLES:94 ICOUNT:33 VALID_ICOUNT:32 IHITRATE: 75.7 DHITRATE: 0
/p/course/cs552-david/public/html/S10/project/tests/public/rand_simple/t_2_addi.asm SUCCESS CPI:2.8 VALID_CPI:2.9 CYCLES:94 ICOUNT:33 VALID_ICOUNT:32 IHITRATE: 75.7 DHITRATE: 0
/p/course/cs552-david/public/html/S10/project/tests/public/rand_simple/t_2_and.asm SUCCESS CPI:2.8 VALID_CPI:2.9 CYCLES:94 ICOUNT:33 VALID_ICOUNT:32 IHITRATE: 75.7 DHITRATE: 0
/p/course/cs552-david/public/html/S10/project/tests/public/rand_simple/t_2_andi.asm SUCCESS CPI:2.8 VALID_CPI:2.9 CYCLES:94 ICOUNT:33 VALID_ICOUNT:32 IHITRATE: 75.7 DHITRATE: 0
/p/course/cs552-david/public/html/S10/project/tests/public/rand_simple/t_2_beqz.asm SUCCESS CPI:41.7 VALID_CPI:2.6 CYCLES:792 ICOUNT:19 VALID_ICOUNT:308 IHITRATE: 74.9 DHITRATE: 0
/p/course/cs552-david/public/html/S10/project/tests/public/rand_simple/t_2_bnez.asm SUCCESS CPI:27.5 VALID_CPI:3.1 CYCLES:523 ICOUNT:19 VALID_ICOUNT:170 IHITRATE: 71.1 DHITRATE: 0
/p/course/cs552-david/public/html/S10/project/tests/public/rand_simple/t_2_j.asm SUCCESS CPI:164.4 VALID_CPI:10.4 CYCLES:166 ICOUNT:1 VALID_ICOUNT:16 IHITRATE: 43.2 DHITRATE: 0
/p/course/cs552-david/public/html/S10/project/tests/public/rand_simple/t_2_jal.asm SUCCESS CPI:9.4 VALID_CPI:10.0 CYCLES:160 ICOUNT:17 VALID_ICOUNT:16 IHITRATE: 45.9 DHITRATE: 0
/p/course/cs552-david/public/html/S10/project/tests/public/rand_simple/t_2_jalr.asm SUCCESS CPI:5.7 VALID_CPI:3.1 CYCLES:638 ICOUNT:111 VALID_ICOUNT:204 IHITRATE: 75.5 DHITRATE: 0
/p/course/cs552-david/public/html/S10/project/tests/public/rand_simple/t_2_jr.asm SUCCESS CPI:6.5 VALID_CPI:3.0 CYCLES:604 ICOUNT:93 VALID_ICOUNT:200 IHITRATE: 77.1 DHITRATE: 0
/p/course/cs552-david/public/html/S10/project/tests/public/rand_simple/t_2_lbi.asm SUCCESS CPI:2.8 VALID_CPI:2.9 CYCLES:94 ICOUNT:33 VALID_ICOUNT:32 IHITRATE: 75.7 DHITRATE: 0
/p/course/cs552-david/public/html/S10/project/tests/public/rand_simple/t_2_ld.asm SUCCESS CPI:3.1 VALID_CPI:3.2 CYCLES:152 ICOUNT:49 VALID_ICOUNT:48 IHITRATE: 75.5 DHITRATE: 300.0
/p/course/cs552-david/public/html/S10/project/tests/public/rand_simple/t_2_or.asm SUCCESS CPI:2.8 VALID_CPI:2.9 CYCLES:94 ICOUNT:33 VALID_ICOUNT:32 IHITRATE: 75.7 DHITRATE: 0
/p/course/cs552-david/public/html/S10/project/tests/public/rand_simple/t_2_ori.asm SUCCESS CPI:2.8 VALID_CPI:2.9 CYCLES:94 ICOUNT:33 VALID_ICOUNT:32 IHITRATE: 75.7 DHITRATE: 0
/p/course/cs552-david/public/html/S10/project/tests/public/rand_simple/t_2_ret.asm SUCCESS CPI:5.9 VALID_CPI:2.8 CYCLES:804 ICOUNT:136 VALID_ICOUNT:286 IHITRATE: 77.3 DHITRATE: 0
/p/course/cs552-david/public/html/S10/project/tests/public/rand_simple/t_2_rol.asm SUCCESS CPI:2.8 VALID_CPI:2.9 CYCLES:94 ICOUNT:33 VALID_ICOUNT:32 IHITRATE: 75.7 DHITRATE: 0
/p/course/cs552-david/public/html/S10/project/tests/public/rand_simple/t_2_roli.asm SUCCESS CPI:2.8 VALID_CPI:2.9 CYCLES:94 ICOUNT:33 VALID_ICOUNT:32 IHITRATE: 75.7 DHITRATE: 0
/p/course/cs552-david/public/html/S10/project/tests/public/rand_simple/t_2_ror.asm SUCCESS CPI:2.8 VALID_CPI:2.9 CYCLES:94 ICOUNT:33 VALID_ICOUNT:32 IHITRATE: 75.7 DHITRATE: 0
/p/course/cs552-david/public/html/S10/project/tests/public/rand_simple/t_2_rori.asm SUCCESS CPI:2.8 VALID_CPI:2.9 CYCLES:94 ICOUNT:33 VALID_ICOUNT:32 IHITRATE: 75.7 DHITRATE: 0
/p/course/cs552-david/public/html/S10/project/tests/public/rand_simple/t_2_sco.asm SUCCESS CPI:2.8 VALID_CPI:2.9 CYCLES:94 ICOUNT:33 VALID_ICOUNT:32 IHITRATE: 75.7 DHITRATE: 0
/p/course/cs552-david/public/html/S10/project/tests/public/rand_simple/t_2_seq.asm SUCCESS CPI:2.8 VALID_CPI:2.9 CYCLES:94 ICOUNT:33 VALID_ICOUNT:32 IHITRATE: 75.7 DHITRATE: 0
/p/course/cs552-david/public/html/S10/project/tests/public/rand_simple/t_2_slbi.asm SUCCESS CPI:2.8 VALID_CPI:2.9 CYCLES:94 ICOUNT:33 VALID_ICOUNT:32 IHITRATE: 75.7 DHITRATE: 0
/p/course/cs552-david/public/html/S10/project/tests/public/rand_simple/t_2_sle.asm SUCCESS CPI:2.8 VALID_CPI:2.9 CYCLES:94 ICOUNT:33 VALID_ICOUNT:32 IHITRATE: 75.7 DHITRATE: 0
/p/course/cs552-david/public/html/S10/project/tests/public/rand_simple/t_2_sll.asm SUCCESS CPI:2.8 VALID_CPI:2.9 CYCLES:94 ICOUNT:33 VALID_ICOUNT:32 IHITRATE: 75.7 DHITRATE: 0
/p/course/cs552-david/public/html/S10/project/tests/public/rand_simple/t_2_slli.asm SUCCESS CPI:2.8 VALID_CPI:2.9 CYCLES:94 ICOUNT:33 VALID_ICOUNT:32 IHITRATE: 75.7 DHITRATE: 0
/p/course/cs552-david/public/html/S10/project/tests/public/rand_simple/t_2_slt.asm SUCCESS CPI:2.8 VALID_CPI:2.9 CYCLES:94 ICOUNT:33 VALID_ICOUNT:32 IHITRATE: 75.7 DHITRATE: 0
/p/course/cs552-david/public/html/S10/project/tests/public/rand_simple/t_2_sra.asm SUCCESS CPI:2.8 VALID_CPI:2.9 CYCLES:94 ICOUNT:33 VALID_ICOUNT:32 IHITRATE: 75.7 DHITRATE: 0
/p/course/cs552-david/public/html/S10/project/tests/public/rand_simple/t_2_srai.asm SUCCESS CPI:2.8 VALID_CPI:2.9 CYCLES:94 ICOUNT:33 VALID_ICOUNT:32 IHITRATE: 75.7 DHITRATE: 0
/p/course/cs552-david/public/html/S10/project/tests/public/rand_simple/t_2_st.asm SUCCESS CPI:4.4 VALID_CPI:3.0 CYCLES:146 ICOUNT:33 VALID_ICOUNT:48 IHITRATE: 75.5 DHITRATE: 300.0
/p/course/cs552-david/public/html/S10/project/tests/public/rand_simple/t_2_stu.asm SUCCESS CPI:3.0 VALID_CPI:3.0 CYCLES:146 ICOUNT:49 VALID_ICOUNT:48 IHITRATE: 75.5 DHITRATE: 300.0
/p/course/cs552-david/public/html/S10/project/tests/public/rand_simple/t_2_sub.asm SUCCESS CPI:2.8 VALID_CPI:2.9 CYCLES:94 ICOUNT:33 VALID_ICOUNT:32 IHITRATE: 75.7 DHITRATE: 0
/p/course/cs552-david/public/html/S10/project/tests/public/rand_simple/t_2_subi.asm SUCCESS CPI:2.8 VALID_CPI:2.9 CYCLES:94 ICOUNT:33 VALID_ICOUNT:32 IHITRATE: 75.7 DHITRATE: 0
/p/course/cs552-david/public/html/S10/project/tests/public/rand_simple/t_3_add.asm SUCCESS CPI:2.8 VALID_CPI:2.9 CYCLES:94 ICOUNT:33 VALID_ICOUNT:32 IHITRATE: 75.7 DHITRATE: 0
/p/course/cs552-david/public/html/S10/project/tests/public/rand_simple/t_3_addi.asm SUCCESS CPI:2.8 VALID_CPI:2.9 CYCLES:94 ICOUNT:33 VALID_ICOUNT:32 IHITRATE: 75.7 DHITRATE: 0
/p/course/cs552-david/public/html/S10/project/tests/public/rand_simple/t_3_and.asm SUCCESS CPI:2.8 VALID_CPI:2.9 CYCLES:94 ICOUNT:33 VALID_ICOUNT:32 IHITRATE: 75.7 DHITRATE: 0
/p/course/cs552-david/public/html/S10/project/tests/public/rand_simple/t_3_andi.asm SUCCESS CPI:2.8 VALID_CPI:2.9 CYCLES:94 ICOUNT:33 VALID_ICOUNT:32 IHITRATE: 75.7 DHITRATE: 0
/p/course/cs552-david/public/html/S10/project/tests/public/rand_simple/t_3_beqz.asm SUCCESS CPI:42.1 VALID_CPI:2.7 CYCLES:800 ICOUNT:19 VALID_ICOUNT:300 IHITRATE: 74.0 DHITRATE: 0
/p/course/cs552-david/public/html/S10/project/tests/public/rand_simple/t_3_bnez.asm SUCCESS CPI:30.4 VALID_CPI:2.9 CYCLES:578 ICOUNT:19 VALID_ICOUNT:198 IHITRATE: 72.1 DHITRATE: 0
/p/course/cs552-david/public/html/S10/project/tests/public/rand_simple/t_3_j.asm SUCCESS CPI:152.5 VALID_CPI:9.6 CYCLES:154 ICOUNT:1 VALID_ICOUNT:16 IHITRATE: 48.6 DHITRATE: 0
/p/course/cs552-david/public/html/S10/project/tests/public/rand_simple/t_3_jal.asm SUCCESS CPI:9.1 VALID_CPI:9.6 CYCLES:154 ICOUNT:17 VALID_ICOUNT:16 IHITRATE: 48.6 DHITRATE: 0
/p/course/cs552-david/public/html/S10/project/tests/public/rand_simple/t_3_jalr.asm SUCCESS CPI:5.6 VALID_CPI:3.1 CYCLES:608 ICOUNT:108 VALID_ICOUNT:198 IHITRATE: 76.5 DHITRATE: 0
/p/course/cs552-david/public/html/S10/project/tests/public/rand_simple/t_3_jr.asm SUCCESS CPI:6.6 VALID_CPI:3.1 CYCLES:564 ICOUNT:85 VALID_ICOUNT:184 IHITRATE: 77.2 DHITRATE: 0
/p/course/cs552-david/public/html/S10/project/tests/public/rand_simple/t_3_lbi.asm SUCCESS CPI:2.8 VALID_CPI:2.9 CYCLES:94 ICOUNT:33 VALID_ICOUNT:32 IHITRATE: 75.7 DHITRATE: 0
/p/course/cs552-david/public/html/S10/project/tests/public/rand_simple/t_3_ld.asm SUCCESS CPI:3.1 VALID_CPI:3.2 CYCLES:154 ICOUNT:49 VALID_ICOUNT:48 IHITRATE: 76.4 DHITRATE: 300.0
/p/course/cs552-david/public/html/S10/project/tests/public/rand_simple/t_3_or.asm SUCCESS CPI:2.8 VALID_CPI:2.9 CYCLES:94 ICOUNT:33 VALID_ICOUNT:32 IHITRATE: 75.7 DHITRATE: 0
/p/course/cs552-david/public/html/S10/project/tests/public/rand_simple/t_3_ori.asm SUCCESS CPI:2.8 VALID_CPI:2.9 CYCLES:94 ICOUNT:33 VALID_ICOUNT:32 IHITRATE: 75.7 DHITRATE: 0
/p/course/cs552-david/public/html/S10/project/tests/public/rand_simple/t_3_ret.asm SUCCESS CPI:6.0 VALID_CPI:2.8 CYCLES:818 ICOUNT:137 VALID_ICOUNT:288 IHITRATE: 76.8 DHITRATE: 0
/p/course/cs552-david/public/html/S10/project/tests/public/rand_simple/t_3_rol.asm SUCCESS CPI:2.8 VALID_CPI:2.9 CYCLES:94 ICOUNT:33 VALID_ICOUNT:32 IHITRATE: 75.7 DHITRATE: 0
/p/course/cs552-david/public/html/S10/project/tests/public/rand_simple/t_3_roli.asm SUCCESS CPI:2.8 VALID_CPI:2.9 CYCLES:94 ICOUNT:33 VALID_ICOUNT:32 IHITRATE: 75.7 DHITRATE: 0
/p/course/cs552-david/public/html/S10/project/tests/public/rand_simple/t_3_ror.asm SUCCESS CPI:2.8 VALID_CPI:2.9 CYCLES:94 ICOUNT:33 VALID_ICOUNT:32 IHITRATE: 75.7 DHITRATE: 0
/p/course/cs552-david/public/html/S10/project/tests/public/rand_simple/t_3_rori.asm SUCCESS CPI:2.8 VALID_CPI:2.9 CYCLES:94 ICOUNT:33 VALID_ICOUNT:32 IHITRATE: 75.7 DHITRATE: 0
/p/course/cs552-david/public/html/S10/project/tests/public/rand_simple/t_3_sco.asm SUCCESS CPI:2.8 VALID_CPI:2.9 CYCLES:94 ICOUNT:33 VALID_ICOUNT:32 IHITRATE: 75.7 DHITRATE: 0
/p/course/cs552-david/public/html/S10/project/tests/public/rand_simple/t_3_seq.asm SUCCESS CPI:2.8 VALID_CPI:2.9 CYCLES:94 ICOUNT:33 VALID_ICOUNT:32 IHITRATE: 75.7 DHITRATE: 0
/p/course/cs552-david/public/html/S10/project/tests/public/rand_simple/t_3_slbi.asm SUCCESS CPI:2.8 VALID_CPI:2.9 CYCLES:94 ICOUNT:33 VALID_ICOUNT:32 IHITRATE: 75.7 DHITRATE: 0
/p/course/cs552-david/public/html/S10/project/tests/public/rand_simple/t_3_sle.asm SUCCESS CPI:2.8 VALID_CPI:2.9 CYCLES:94 ICOUNT:33 VALID_ICOUNT:32 IHITRATE: 75.7 DHITRATE: 0
/p/course/cs552-david/public/html/S10/project/tests/public/rand_simple/t_3_sll.asm SUCCESS CPI:2.8 VALID_CPI:2.9 CYCLES:94 ICOUNT:33 VALID_ICOUNT:32 IHITRATE: 75.7 DHITRATE: 0
/p/course/cs552-david/public/html/S10/project/tests/public/rand_simple/t_3_slli.asm SUCCESS CPI:2.8 VALID_CPI:2.9 CYCLES:94 ICOUNT:33 VALID_ICOUNT:32 IHITRATE: 75.7 DHITRATE: 0
/p/course/cs552-david/public/html/S10/project/tests/public/rand_simple/t_3_slt.asm SUCCESS CPI:2.8 VALID_CPI:2.9 CYCLES:94 ICOUNT:33 VALID_ICOUNT:32 IHITRATE: 75.7 DHITRATE: 0
/p/course/cs552-david/public/html/S10/project/tests/public/rand_simple/t_3_sra.asm SUCCESS CPI:2.8 VALID_CPI:2.9 CYCLES:94 ICOUNT:33 VALID_ICOUNT:32 IHITRATE: 75.7 DHITRATE: 0
/p/course/cs552-david/public/html/S10/project/tests/public/rand_simple/t_3_srai.asm SUCCESS CPI:2.8 VALID_CPI:2.9 CYCLES:94 ICOUNT:33 VALID_ICOUNT:32 IHITRATE: 75.7 DHITRATE: 0
/p/course/cs552-david/public/html/S10/project/tests/public/rand_simple/t_3_st.asm SUCCESS CPI:4.6 VALID_CPI:3.2 CYCLES:152 ICOUNT:33 VALID_ICOUNT:48 IHITRATE: 75.5 DHITRATE: 300.0
/p/course/cs552-david/public/html/S10/project/tests/public/rand_simple/t_3_stu.asm SUCCESS CPI:2.9 VALID_CPI:2.9 CYCLES:140 ICOUNT:49 VALID_ICOUNT:48 IHITRATE: 75.5 DHITRATE: 300.0
/p/course/cs552-david/public/html/S10/project/tests/public/rand_simple/t_3_sub.asm SUCCESS CPI:2.8 VALID_CPI:2.9 CYCLES:94 ICOUNT:33 VALID_ICOUNT:32 IHITRATE: 75.7 DHITRATE: 0
/p/course/cs552-david/public/html/S10/project/tests/public/rand_simple/t_3_subi.asm SUCCESS CPI:2.8 VALID_CPI:2.9 CYCLES:94 ICOUNT:33 VALID_ICOUNT:32 IHITRATE: 75.7 DHITRATE: 0
/p/course/cs552-david/public/html/S10/project/tests/public/rand_simple/t_4_add.asm SUCCESS CPI:2.8 VALID_CPI:2.9 CYCLES:94 ICOUNT:33 VALID_ICOUNT:32 IHITRATE: 75.7 DHITRATE: 0
/p/course/cs552-david/public/html/S10/project/tests/public/rand_simple/t_4_addi.asm SUCCESS CPI:2.8 VALID_CPI:2.9 CYCLES:94 ICOUNT:33 VALID_ICOUNT:32 IHITRATE: 75.7 DHITRATE: 0
/p/course/cs552-david/public/html/S10/project/tests/public/rand_simple/t_4_and.asm SUCCESS CPI:2.8 VALID_CPI:2.9 CYCLES:94 ICOUNT:33 VALID_ICOUNT:32 IHITRATE: 75.7 DHITRATE: 0
/p/course/cs552-david/public/html/S10/project/tests/public/rand_simple/t_4_andi.asm SUCCESS CPI:2.8 VALID_CPI:2.9 CYCLES:94 ICOUNT:33 VALID_ICOUNT:32 IHITRATE: 75.7 DHITRATE: 0
/p/course/cs552-david/public/html/S10/project/tests/public/rand_simple/t_4_beqz.asm SUCCESS CPI:37.2 VALID_CPI:2.6 CYCLES:707 ICOUNT:19 VALID_ICOUNT:270 IHITRATE: 74.5 DHITRATE: 0
/p/course/cs552-david/public/html/S10/project/tests/public/rand_simple/t_4_bnez.asm SUCCESS CPI:26.9 VALID_CPI:2.9 CYCLES:512 ICOUNT:19 VALID_ICOUNT:174 IHITRATE: 72.3 DHITRATE: 0
/p/course/cs552-david/public/html/S10/project/tests/public/rand_simple/t_4_j.asm SUCCESS CPI:158.4 VALID_CPI:10.0 CYCLES:160 ICOUNT:1 VALID_ICOUNT:16 IHITRATE: 45.9 DHITRATE: 0
/p/course/cs552-david/public/html/S10/project/tests/public/rand_simple/t_4_jal.asm SUCCESS CPI:9.8 VALID_CPI:10.4 CYCLES:166 ICOUNT:17 VALID_ICOUNT:16 IHITRATE: 43.2 DHITRATE: 0
/p/course/cs552-david/public/html/S10/project/tests/public/rand_simple/t_4_jalr.asm SUCCESS CPI:5.4 VALID_CPI:3.0 CYCLES:610 ICOUNT:112 VALID_ICOUNT:206 IHITRATE: 77.6 DHITRATE: 0
/p/course/cs552-david/public/html/S10/project/tests/public/rand_simple/t_4_jr.asm SUCCESS CPI:6.8 VALID_CPI:3.1 CYCLES:540 ICOUNT:79 VALID_ICOUNT:172 IHITRATE: 76.9 DHITRATE: 0
/p/course/cs552-david/public/html/S10/project/tests/public/rand_simple/t_4_lbi.asm SUCCESS CPI:2.8 VALID_CPI:2.9 CYCLES:94 ICOUNT:33 VALID_ICOUNT:32 IHITRATE: 75.7 DHITRATE: 0
/p/course/cs552-david/public/html/S10/project/tests/public/rand_simple/t_4_ld.asm SUCCESS CPI:3.1 VALID_CPI:3.2 CYCLES:154 ICOUNT:49 VALID_ICOUNT:48 IHITRATE: 76.4 DHITRATE: 300.0
/p/course/cs552-david/public/html/S10/project/tests/public/rand_simple/t_4_or.asm SUCCESS CPI:2.8 VALID_CPI:2.9 CYCLES:94 ICOUNT:33 VALID_ICOUNT:32 IHITRATE: 75.7 DHITRATE: 0
/p/course/cs552-david/public/html/S10/project/tests/public/rand_simple/t_4_ori.asm SUCCESS CPI:2.8 VALID_CPI:2.9 CYCLES:94 ICOUNT:33 VALID_ICOUNT:32 IHITRATE: 75.7 DHITRATE: 0
/p/course/cs552-david/public/html/S10/project/tests/public/rand_simple/t_4_ret.asm SUCCESS CPI:5.9 VALID_CPI:2.8 CYCLES:860 ICOUNT:146 VALID_ICOUNT:306 IHITRATE: 76.9 DHITRATE: 0
/p/course/cs552-david/public/html/S10/project/tests/public/rand_simple/t_4_rol.asm SUCCESS CPI:2.8 VALID_CPI:2.9 CYCLES:94 ICOUNT:33 VALID_ICOUNT:32 IHITRATE: 75.7 DHITRATE: 0
/p/course/cs552-david/public/html/S10/project/tests/public/rand_simple/t_4_roli.asm SUCCESS CPI:2.8 VALID_CPI:2.9 CYCLES:94 ICOUNT:33 VALID_ICOUNT:32 IHITRATE: 75.7 DHITRATE: 0
/p/course/cs552-david/public/html/S10/project/tests/public/rand_simple/t_4_ror.asm SUCCESS CPI:2.8 VALID_CPI:2.9 CYCLES:94 ICOUNT:33 VALID_ICOUNT:32 IHITRATE: 75.7 DHITRATE: 0
/p/course/cs552-david/public/html/S10/project/tests/public/rand_simple/t_4_rori.asm SUCCESS CPI:2.8 VALID_CPI:2.9 CYCLES:94 ICOUNT:33 VALID_ICOUNT:32 IHITRATE: 75.7 DHITRATE: 0
/p/course/cs552-david/public/html/S10/project/tests/public/rand_simple/t_4_sco.asm SUCCESS CPI:2.8 VALID_CPI:2.9 CYCLES:94 ICOUNT:33 VALID_ICOUNT:32 IHITRATE: 75.7 DHITRATE: 0
/p/course/cs552-david/public/html/S10/project/tests/public/rand_simple/t_4_seq.asm SUCCESS CPI:2.8 VALID_CPI:2.9 CYCLES:94 ICOUNT:33 VALID_ICOUNT:32 IHITRATE: 75.7 DHITRATE: 0
/p/course/cs552-david/public/html/S10/project/tests/public/rand_simple/t_4_slbi.asm SUCCESS CPI:2.8 VALID_CPI:2.9 CYCLES:94 ICOUNT:33 VALID_ICOUNT:32 IHITRATE: 75.7 DHITRATE: 0
/p/course/cs552-david/public/html/S10/project/tests/public/rand_simple/t_4_sle.asm SUCCESS CPI:2.8 VALID_CPI:2.9 CYCLES:94 ICOUNT:33 VALID_ICOUNT:32 IHITRATE: 75.7 DHITRATE: 0
/p/course/cs552-david/public/html/S10/project/tests/public/rand_simple/t_4_sll.asm SUCCESS CPI:2.8 VALID_CPI:2.9 CYCLES:94 ICOUNT:33 VALID_ICOUNT:32 IHITRATE: 75.7 DHITRATE: 0
/p/course/cs552-david/public/html/S10/project/tests/public/rand_simple/t_4_slli.asm SUCCESS CPI:2.8 VALID_CPI:2.9 CYCLES:94 ICOUNT:33 VALID_ICOUNT:32 IHITRATE: 75.7 DHITRATE: 0
/p/course/cs552-david/public/html/S10/project/tests/public/rand_simple/t_4_slt.asm SUCCESS CPI:2.8 VALID_CPI:2.9 CYCLES:94 ICOUNT:33 VALID_ICOUNT:32 IHITRATE: 75.7 DHITRATE: 0
/p/course/cs552-david/public/html/S10/project/tests/public/rand_simple/t_4_sra.asm SUCCESS CPI:2.8 VALID_CPI:2.9 CYCLES:94 ICOUNT:33 VALID_ICOUNT:32 IHITRATE: 75.7 DHITRATE: 0
/p/course/cs552-david/public/html/S10/project/tests/public/rand_simple/t_4_srai.asm SUCCESS CPI:2.8 VALID_CPI:2.9 CYCLES:94 ICOUNT:33 VALID_ICOUNT:32 IHITRATE: 75.7 DHITRATE: 0
/p/course/cs552-david/public/html/S10/project/tests/public/rand_simple/t_4_st.asm SUCCESS CPI:4.6 VALID_CPI:3.2 CYCLES:152 ICOUNT:33 VALID_ICOUNT:48 IHITRATE: 75.5 DHITRATE: 300.0
/p/course/cs552-david/public/html/S10/project/tests/public/rand_simple/t_4_stu.asm SUCCESS CPI:3.1 VALID_CPI:3.2 CYCLES:152 ICOUNT:49 VALID_ICOUNT:48 IHITRATE: 75.5 DHITRATE: 300.0
/p/course/cs552-david/public/html/S10/project/tests/public/rand_simple/t_4_sub.asm SUCCESS CPI:2.8 VALID_CPI:2.9 CYCLES:94 ICOUNT:33 VALID_ICOUNT:32 IHITRATE: 75.7 DHITRATE: 0
/p/course/cs552-david/public/html/S10/project/tests/public/rand_simple/t_4_subi.asm SUCCESS CPI:2.8 VALID_CPI:2.9 CYCLES:94 ICOUNT:33 VALID_ICOUNT:32 IHITRATE: 75.7 DHITRATE: 0
